<?xml version="1.0" encoding="UTF-8"?>
<!-- Generated by org.testng.reporters.JUnitReportReporter -->
<testsuite hostname="SANKET-LAPTOP" failures="0" tests="3" name="automation.TechVerit.Browser_Launch" time="4.241" errors="0" timestamp="2022-04-11T19:01:08 IST" skipped="2">
  <testcase classname="automation.TechVerit.Browser_Launch" name="DeleteProductTest" time="4.241"/>
  <system-out/>
  <testcase classname="automation.TechVerit.Browser_Launch" name="CreateProductTest">
    <skipped/>
  </testcase> <!-- CreateProductTest -->
  <system-out/>
  <testcase classname="automation.TechVerit.Browser_Launch" name="UpdateProductTest">
    <skipped/>
  </testcase> <!-- UpdateProductTest -->
  <system-out/>
</testsuite> <!-- automation.TechVerit.Browser_Launch -->
